<?xml version="1.0" encoding="UTF-8"?>
<testsuite xmlns:xsi="http://www.w3.org/2001/XMLSchema-instance" xsi:noNamespaceSchemaLocation="https://maven.apache.org/surefire/maven-surefire-plugin/xsd/surefire-test-report.xsd" name="TestSuite" time="28.579" tests="3" errors="0" skipped="0" failures="0">
  <properties>
[...]
</properties>
  <testcase name="sendFromDrafts" classname="com.epam.lab.tests.TestGmail" time="11.574"/>
  <testcase name="sendFromDrafts" classname="com.epam.lab.tests.TestGmail" time="10.749"/>
  <testcase name="ifGmailAccount" classname="com.epam.lab.tests.TestAccount" time="0"/>
</testsuite>